<?xml version="1.0" encoding="UTF-8"?>
<!-- Generated by org.testng.reporters.JUnitXMLReporter -->
<testsuite hostname="DESKTOP-PACOCH8" ignored="0" name="ChromeBrowser" tests="1" failures="0" timestamp="2019-10-06T16:29:36 IST" time="8.552" errors="0">
  <testcase name="@AfterMethod getResult" time="0.002" classname="com.qa.crm.TestNG.browserParametersTest">
    <failure type="java.lang.NullPointerException">
      <![CDATA[java.lang.NullPointerException
at com.qa.crm.TestNG.browserParametersTest.getResult(browserParametersTest.java:54)
at java.util.ArrayList.forEach(ArrayList.java:1257)
... Removed 32 stack frames]]>
    </failure>
  </testcase> <!-- @AfterMethod getResult -->
  <testcase name="titleTest" time="3.948" classname="com.qa.crm.TestNG.browserParametersTest"/>
</testsuite> <!-- ChromeBrowser -->
