<?xml version="1.0" encoding="UTF-8"?>
<!-- Generated by org.testng.reporters.JUnitXMLReporter -->
<testsuite hostname="DESKTOP-PACOCH8" ignored="1" name="FirefoxBrowser" tests="1" failures="1" timestamp="2019-10-06T16:34:43 IST" time="8.04" errors="0">
  <testcase name="@AfterMethod getResult" time="0.011" classname="com.qa.crm.TestNG.browserParametersTest">
    <failure type="java.lang.NullPointerException">
      <![CDATA[java.lang.NullPointerException
at com.qa.crm.TestNG.browserParametersTest.getResult(browserParametersTest.java:38)
at java.util.ArrayList.forEach(ArrayList.java:1257)
... Removed 32 stack frames]]>
    </failure>
  </testcase> <!-- @AfterMethod getResult -->
  <testcase name="titleTest" time="0.014" classname="com.qa.crm.TestNG.browserParametersTest">
    <failure type="java.lang.NullPointerException">
      <![CDATA[java.lang.NullPointerException
at com.qa.crm.TestNG.browserParametersTest.titleTest(browserParametersTest.java:59)
at java.util.ArrayList.forEach(ArrayList.java:1257)
... Removed 27 stack frames]]>
    </failure>
  </testcase> <!-- titleTest -->
  <testcase name="@BeforeTest startReport" time="0.0" classname="com.qa.crm.TestNG.BaseTestParam">
    <ignored/>
  </testcase> <!-- @BeforeTest startReport -->
</testsuite> <!-- FirefoxBrowser -->
