<?xml version="1.0" encoding="UTF-8"?>
<!-- Generated by org.testng.reporters.JUnitXMLReporter -->
<testsuite hostname="DESKTOP-PACOCH8" ignored="1" name="Test" tests="15" failures="0" timestamp="2019-10-08T14:07:20 IST" time="0.124" errors="0">
  <testcase name="ParameterTesting" time="0.015" classname="com.qa.crm.TestNG.ParameterTest"/>
  <testcase name="PriorityTest1" time="0.002" classname="com.qa.crm.TestNG.PriorityTest"/>
  <testcase name="PriorityTest2" time="0.003" classname="com.qa.crm.TestNG.PriorityTest"/>
  <testcase name="PriorityTest3" time="0.002" classname="com.qa.crm.TestNG.PriorityTest"/>
  <testcase name="PriorityTest4" time="0.001" classname="com.qa.crm.TestNG.PriorityTest"/>
  <testcase name="PriorityTest5" time="0.002" classname="com.qa.crm.TestNG.PriorityTest"/>
  <testcase name="PriorityTest2A" time="0.002" classname="com.qa.crm.TestNG.PriorityTest2"/>
  <testcase name="PriorityTest2B" time="0.001" classname="com.qa.crm.TestNG.PriorityTest2"/>
  <testcase name="PriorityTest2C" time="0.002" classname="com.qa.crm.TestNG.PriorityTest2"/>
  <testcase name="PriorityTest2D" time="0.001" classname="com.qa.crm.TestNG.PriorityTest2"/>
  <testcase name="PriorityTest2E" time="0.002" classname="com.qa.crm.TestNG.PriorityTest2"/>
  <testcase name="GroupsTest1A" time="0.002" classname="com.qa.crm.TestNG.GroupsTest1"/>
  <testcase name="GroupsTest1B" time="0.002" classname="com.qa.crm.TestNG.GroupsTest1"/>
  <testcase name="GroupsTest1C" time="0.001" classname="com.qa.crm.TestNG.GroupsTest1"/>
  <testcase name="GroupsTest1D" time="0.001" classname="com.qa.crm.TestNG.GroupsTest1"/>
  <testcase name="GroupsTest1E" time="0.0" classname="com.qa.crm.TestNG.GroupsTest1">
    <ignored/>
  </testcase> <!-- GroupsTest1E -->
</testsuite> <!-- Test -->
