<?xml version="1.0" encoding="UTF-8"?>
<!-- Generated by org.testng.reporters.JUnitXMLReporter -->
<testsuite hostname="DESKTOP-PACOCH8" ignored="0" name="Test" tests="4" failures="0" timestamp="2019-10-09T15:21:43 IST" time="0.073" errors="0">
  <testcase name="Test2" time="0.016" classname="com.qa.crm.TestNG.ParallelTestClass"/>
  <testcase name="Test3" time="0.016" classname="com.qa.crm.TestNG.ParallelTestClass"/>
  <testcase name="Test4" time="0.016" classname="com.qa.crm.TestNG.ParallelTestClass"/>
  <testcase name="Test1" time="0.016" classname="com.qa.crm.TestNG.ParallelTestClass"/>
</testsuite> <!-- Test -->
