<?xml version="1.0" encoding="UTF-8"?>
<testng-results skipped="0" failed="0" ignored="0" total="1" passed="1">
  <reporter-output>
  </reporter-output>
  <suite name="Default suite" duration-ms="30491" started-at="2019-10-22T16:10:09 IST" finished-at="2019-10-22T16:10:39 IST">
    <groups>
    </groups>
    <test name="Default test" duration-ms="30491" started-at="2019-10-22T16:10:09 IST" finished-at="2019-10-22T16:10:39 IST">
      <class name="com.qa.crm.testcases.HeadLessBrowser">
        <test-method status="PASS" signature="HeadLessBrowserTest()[pri:0, instance:com.qa.crm.testcases.HeadLessBrowser@30b8a058]" name="HeadLessBrowserTest" duration-ms="30419" started-at="2019-10-22T16:10:09 IST" finished-at="2019-10-22T16:10:39 IST">
          <reporter-output>
          </reporter-output>
        </test-method> <!-- HeadLessBrowserTest -->
      </class> <!-- com.qa.crm.testcases.HeadLessBrowser -->
    </test> <!-- Default test -->
  </suite> <!-- Default suite -->
</testng-results>
